app/build/intermediates/manifest_merge_blame_file/freeDebug/processFreeDebugMainManifest/manifest-merger-blame-free-debug-report.txt
1<?xml version="1.0" encoding="utf-8"?>
2<!--
3    Geekttrss is a RSS feed reader application on the Android Platform.
4
5    Copyright (C) 2017-2019 by Frederic-Charles Barthelery.
6
7    This file is part of Geekttrss.
8
9    Geekttrss is free software: you can redistribute it and/or modify
10    it under the terms of the GNU General Public License as published by
11    the Free Software Foundation, either version 3 of the License, or
12    (at your option) any later version.
13
14    Geekttrss is distributed in the hope that it will be useful,
15    but WITHOUT ANY WARRANTY; without even the implied warranty of
16    MERCHANTABILITY or FITNESS FOR A PARTICULAR PURPOSE.  See the
17    GNU General Public License for more details.
18
19    You should have received a copy of the GNU General Public License
20    along with Geekttrss.  If not, see <http://www.gnu.org/licenses/>.
21-->
22<manifest xmlns:android="http://schemas.android.com/apk/res/android"
23    package="com.geekorum.ttrss.free"
24    android:versionCode="1069000"
25    android:versionName="1.6.9" >
26
27    <uses-sdk
28        android:minSdkVersion="28"
29        android:targetSdkVersion="36" />
30
31    <!-- Need to run account synchronization tests -->
32    <uses-permission android:name="android.permission.READ_SYNC_SETTINGS" />
32-->src\debug\AndroidManifest.xml:28:5-77
32-->src\debug\AndroidManifest.xml:28:22-74
33    <uses-permission android:name="android.permission.INTERNET" />
33-->src\main\AndroidManifest.xml:27:5-67
33-->src\main\AndroidManifest.xml:27:22-64
34    <uses-permission android:name="android.permission.WRITE_SYNC_SETTINGS" />
34-->src\main\AndroidManifest.xml:28:5-78
34-->src\main\AndroidManifest.xml:28:22-75
35    <uses-permission android:name="android.permission.READ_SYNC_STATS" />
35-->src\main\AndroidManifest.xml:29:5-74
35-->src\main\AndroidManifest.xml:29:22-71
36    <uses-permission android:name="android.permission.RECEIVE_BOOT_COMPLETED" />
36-->src\main\AndroidManifest.xml:30:5-81
36-->src\main\AndroidManifest.xml:30:22-78
37    <uses-permission android:name="android.permission.ACCESS_NETWORK_STATE" />
37-->src\main\AndroidManifest.xml:31:5-79
37-->src\main\AndroidManifest.xml:31:22-76
38
39    <queries>
39-->src\main\AndroidManifest.xml:35:5-39:15
40        <intent>
40-->src\main\AndroidManifest.xml:36:9-38:18
41            <action android:name="android.support.customtabs.action.CustomTabsService" />
41-->src\main\AndroidManifest.xml:37:13-90
41-->src\main\AndroidManifest.xml:37:21-87
42        </intent>
43    </queries>
44
45    <uses-permission android:name="android.permission.WAKE_LOCK" />
45-->[androidx.work:work-runtime:2.10.5] AndroidManifest.xml:23:5-68
45-->[androidx.work:work-runtime:2.10.5] AndroidManifest.xml:23:22-65
46    <uses-permission android:name="android.permission.FOREGROUND_SERVICE" />
46-->[androidx.work:work-runtime:2.10.5] AndroidManifest.xml:26:5-77
46-->[androidx.work:work-runtime:2.10.5] AndroidManifest.xml:26:22-74
47    <uses-permission android:name="android.permission.REORDER_TASKS" />
47-->[androidx.fragment:fragment-testing-manifest:1.8.9] AndroidManifest.xml:23:5-72
47-->[androidx.fragment:fragment-testing-manifest:1.8.9] AndroidManifest.xml:23:22-69
48
49    <permission
49-->[androidx.core:core:1.17.0] AndroidManifest.xml:22:5-24:47
50        android:name="com.geekorum.ttrss.free.DYNAMIC_RECEIVER_NOT_EXPORTED_PERMISSION"
50-->[androidx.core:core:1.17.0] AndroidManifest.xml:23:9-81
51        android:protectionLevel="signature" />
51-->[androidx.core:core:1.17.0] AndroidManifest.xml:24:9-44
52
53    <uses-permission android:name="com.geekorum.ttrss.free.DYNAMIC_RECEIVER_NOT_EXPORTED_PERMISSION" /> <!-- To store the heap dumps and leak analysis results. -->
53-->[androidx.core:core:1.17.0] AndroidManifest.xml:26:5-97
53-->[androidx.core:core:1.17.0] AndroidManifest.xml:26:22-94
54    <uses-permission android:name="android.permission.READ_EXTERNAL_STORAGE" />
54-->[com.squareup.leakcanary:leakcanary-android-core:2.14] AndroidManifest.xml:25:5-80
54-->[com.squareup.leakcanary:leakcanary-android-core:2.14] AndroidManifest.xml:25:22-77
55    <uses-permission android:name="android.permission.WRITE_EXTERNAL_STORAGE" /> <!-- To allow posting notifications on Android 13 -->
55-->[com.squareup.leakcanary:leakcanary-android-core:2.14] AndroidManifest.xml:26:5-81
55-->[com.squareup.leakcanary:leakcanary-android-core:2.14] AndroidManifest.xml:26:22-78
56    <uses-permission android:name="android.permission.POST_NOTIFICATIONS" />
56-->[com.squareup.leakcanary:leakcanary-android-core:2.14] AndroidManifest.xml:29:5-77
56-->[com.squareup.leakcanary:leakcanary-android-core:2.14] AndroidManifest.xml:29:22-74
57
58    <application
58-->src\main\AndroidManifest.xml:41:5-218:19
59        android:name="com.geekorum.ttrss.Application"
59-->src\main\AndroidManifest.xml:42:13-58
60        android:allowBackup="true"
60-->src\main\AndroidManifest.xml:45:13-39
61        android:appCategory="news"
61-->src\main\AndroidManifest.xml:43:13-39
62        android:appComponentFactory="androidx.core.app.CoreComponentFactory"
62-->[androidx.core:core:1.17.0] AndroidManifest.xml:28:18-86
63        android:debuggable="true"
64        android:extractNativeLibs="false"
65        android:fullBackupOnly="true"
65-->src\main\AndroidManifest.xml:46:13-42
66        android:hardwareAccelerated="true"
66-->src\main\AndroidManifest.xml:47:13-47
67        android:icon="@mipmap/ic_launcher"
67-->src\main\AndroidManifest.xml:49:13-47
68        android:label="@string/app_name"
68-->src\main\AndroidManifest.xml:51:13-45
69        android:networkSecurityConfig="@xml/network_security_config"
69-->src\main\AndroidManifest.xml:53:13-73
70        android:roundIcon="@drawable/ic_launcher_round"
70-->src\main\AndroidManifest.xml:50:13-60
71        android:supportsRtl="true"
71-->src\main\AndroidManifest.xml:44:13-39
72        android:theme="@style/AppTheme"
72-->src\main\AndroidManifest.xml:52:13-44
73        android:usesCleartextTraffic="true" >
73-->src\main\AndroidManifest.xml:48:13-48
74
75        <!-- Disable crashlytrics for debug build -->
76        <meta-data
76-->src\debug\AndroidManifest.xml:32:9-99
77            android:name="firebase_crashlytics_collection_enabled"
77-->src\debug\AndroidManifest.xml:32:20-74
78            android:value="false" />
78-->src\debug\AndroidManifest.xml:32:75-96
79
80        <activity
80-->src\main\AndroidManifest.xml:56:9-62:20
81            android:name="com.geekorum.ttrss.MainActivity"
81-->src\main\AndroidManifest.xml:56:19-65
82            android:exported="true" >
82-->src\main\AndroidManifest.xml:57:13-36
83            <intent-filter>
83-->src\main\AndroidManifest.xml:58:13-61:29
84                <action android:name="android.intent.action.MAIN" />
84-->src\main\AndroidManifest.xml:59:17-68
84-->src\main\AndroidManifest.xml:59:25-66
85
86                <category android:name="android.intent.category.LAUNCHER" />
86-->src\main\AndroidManifest.xml:60:17-77
86-->src\main\AndroidManifest.xml:60:27-74
87            </intent-filter>
88        </activity>
89        <activity
89-->src\main\AndroidManifest.xml:64:9-68:15
90            android:name="com.geekorum.ttrss.articles_list.ArticleListActivity"
90-->src\main\AndroidManifest.xml:65:13-80
91            android:exported="false"
91-->src\main\AndroidManifest.xml:67:13-37
92            android:theme="@style/AppTheme.ArticleListActivity" />
92-->src\main\AndroidManifest.xml:66:13-64
93        <activity
93-->src\main\AndroidManifest.xml:70:9-74:15
94            android:name="com.geekorum.ttrss.SingleActivity"
94-->src\main\AndroidManifest.xml:71:13-61
95            android:exported="false"
95-->src\main\AndroidManifest.xml:73:13-37
96            android:theme="@style/AppTheme.NoActionBar" />
96-->src\main\AndroidManifest.xml:72:13-56
97        <activity
97-->src\main\AndroidManifest.xml:76:9-88:20
98            android:name="com.geekorum.ttrss.article_details.ArticleDetailActivity"
98-->src\main\AndroidManifest.xml:77:13-84
99            android:exported="true"
99-->src\main\AndroidManifest.xml:81:13-36
100            android:label="@string/title_article_details"
100-->src\main\AndroidManifest.xml:78:13-58
101            android:parentActivityName="com.geekorum.ttrss.articles_list.ArticleListActivity"
101-->src\main\AndroidManifest.xml:79:13-94
102            android:theme="@style/AppTheme.ArticleDetailActivity" >
102-->src\main\AndroidManifest.xml:80:13-66
103            <intent-filter>
103-->src\main\AndroidManifest.xml:83:13-87:29
104                <action android:name="android.intent.action.VIEW" />
104-->src\main\AndroidManifest.xml:84:17-69
104-->src\main\AndroidManifest.xml:84:25-66
105
106                <category android:name="android.intent.category.DEFAULT" />
106-->src\main\AndroidManifest.xml:85:17-76
106-->src\main\AndroidManifest.xml:85:27-73
107
108                <data android:mimeType="vnd.android.cursor.item/vnd.com.geekorum.ttrss.article" />
108-->src\main\AndroidManifest.xml:86:17-99
108-->src\main\AndroidManifest.xml:86:23-96
109            </intent-filter>
110        </activity>
111        <activity
111-->src\main\AndroidManifest.xml:90:9-95:15
112            android:name="com.geekorum.ttrss.accounts.LoginActivity"
112-->src\main\AndroidManifest.xml:90:19-75
113            android:excludeFromRecents="true"
113-->src\main\AndroidManifest.xml:91:19-52
114            android:exported="false"
114-->src\main\AndroidManifest.xml:94:19-43
115            android:taskAffinity="com.geekorum.ttrss.account"
115-->src\main\AndroidManifest.xml:92:19-68
116            android:theme="@style/AppTheme.NoActionBar" />
116-->src\main\AndroidManifest.xml:93:19-62
117        <activity
117-->src\main\AndroidManifest.xml:97:9-103:15
118            android:name="com.geekorum.ttrss.settings.SettingsActivity"
118-->src\main\AndroidManifest.xml:98:17-76
119            android:exported="false"
119-->src\main\AndroidManifest.xml:102:17-41
120            android:label="@string/activity_settings_title"
120-->src\main\AndroidManifest.xml:99:17-64
121            android:parentActivityName="com.geekorum.ttrss.articles_list.ArticleListActivity"
121-->src\main\AndroidManifest.xml:101:17-98
122            android:theme="@style/AppTheme.NoActionBar" />
122-->src\main\AndroidManifest.xml:100:17-60
123        <activity
123-->src\main\AndroidManifest.xml:105:9-106:40
124            android:name="com.geekorum.ttrss.settings.manage_features.InstallFeatureActivity"
124-->src\main\AndroidManifest.xml:105:19-82
125            android:exported="false" />
125-->src\main\AndroidManifest.xml:106:13-37
126        <activity
126-->src\main\AndroidManifest.xml:108:9-118:20
127            android:name="com.geekorum.ttrss.add_feed.AddFeedLauncherActivity"
127-->src\main\AndroidManifest.xml:108:19-67
128            android:exported="true"
128-->src\main\AndroidManifest.xml:111:19-42
129            android:label="@string/activity_add_feed_title"
129-->src\main\AndroidManifest.xml:109:19-66
130            android:theme="@style/AppTheme.LauncherActivity" >
130-->src\main\AndroidManifest.xml:110:19-67
131            <intent-filter>
131-->src\main\AndroidManifest.xml:112:13-117:29
132                <category android:name="android.intent.category.DEFAULT" />
132-->src\main\AndroidManifest.xml:85:17-76
132-->src\main\AndroidManifest.xml:85:27-73
133                <category android:name="android.intent.category.BROWSABLE" />
133-->src\main\AndroidManifest.xml:114:17-78
133-->src\main\AndroidManifest.xml:114:27-75
134
135                <action android:name="android.intent.action.SEND" />
135-->src\main\AndroidManifest.xml:115:17-69
135-->src\main\AndroidManifest.xml:115:25-66
136
137                <data android:mimeType="text/plain" />
137-->src\main\AndroidManifest.xml:86:17-99
137-->src\main\AndroidManifest.xml:86:23-96
138            </intent-filter>
139        </activity>
140        <activity
140-->src\main\AndroidManifest.xml:120:9-123:15
141            android:name="com.geekorum.ttrss.add_feed.AddFeedInstallerActivity"
141-->src\main\AndroidManifest.xml:120:19-68
142            android:exported="false"
142-->src\main\AndroidManifest.xml:122:13-37
143            android:label="@string/lbl_install_feature_title" />
143-->src\main\AndroidManifest.xml:121:13-62
144        <activity
144-->src\main\AndroidManifest.xml:125:9-129:39
145            android:name="com.geekorum.ttrss.publish_article.ShareToPublishArticleActivity"
145-->src\main\AndroidManifest.xml:125:19-80
146            android:exported="false"
146-->src\main\AndroidManifest.xml:129:13-37
147            android:label="@string/activity_share_to_publish_article_title"
147-->src\main\AndroidManifest.xml:126:13-76
148            android:noHistory="true"
148-->src\main\AndroidManifest.xml:128:13-37
149            android:theme="@style/AppTheme.ShareToPublishArticleActivity" />
149-->src\main\AndroidManifest.xml:127:13-74
150        <activity
150-->src\main\AndroidManifest.xml:131:9-136:15
151            android:name="com.geekorum.aboutoss.ui.material3.OpenSourceLicensesActivity"
151-->src\main\AndroidManifest.xml:131:19-95
152            android:exported="false"
152-->src\main\AndroidManifest.xml:134:13-37
153            android:label="@string/title_oss_licenses"
153-->[com.geekorum.aboutoss:ui-material3-android:0.2.1] AndroidManifest.xml:32:13-55
154            android:parentActivityName="com.geekorum.ttrss.settings.SettingsActivity"
154-->src\main\AndroidManifest.xml:133:13-86
155            android:theme="@style/AppTheme.NoActionBar" />
155-->src\main\AndroidManifest.xml:132:13-56
156
157        <service
157-->src\main\AndroidManifest.xml:138:9-146:19
158            android:name="com.geekorum.ttrss.accounts.AuthenticatorService"
158-->src\main\AndroidManifest.xml:138:18-81
159            android:exported="true" >
159-->src\main\AndroidManifest.xml:139:18-41
160            <intent-filter>
160-->src\main\AndroidManifest.xml:141:13-143:29
161                <action android:name="android.accounts.AccountAuthenticator" />
161-->src\main\AndroidManifest.xml:142:17-80
161-->src\main\AndroidManifest.xml:142:25-77
162            </intent-filter>
163
164            <meta-data
164-->src\main\AndroidManifest.xml:144:13-145:63
165                android:name="android.accounts.AccountAuthenticator"
165-->src\main\AndroidManifest.xml:144:24-76
166                android:resource="@xml/authenticator" />
166-->src\main\AndroidManifest.xml:145:24-61
167        </service>
168        <service
168-->src\main\AndroidManifest.xml:148:9-157:19
169            android:name="com.geekorum.ttrss.sync.ArticleSyncService"
169-->src\main\AndroidManifest.xml:148:18-75
170            android:exported="true" >
170-->src\main\AndroidManifest.xml:149:18-41
171
172            <!-- TODO run in another process -->
173            <intent-filter>
173-->src\main\AndroidManifest.xml:152:13-154:29
174                <action android:name="android.content.SyncAdapter" />
174-->src\main\AndroidManifest.xml:153:17-70
174-->src\main\AndroidManifest.xml:153:25-67
175            </intent-filter>
176
177            <meta-data
177-->src\main\AndroidManifest.xml:155:13-156:69
178                android:name="android.content.SyncAdapter"
178-->src\main\AndroidManifest.xml:155:24-66
179                android:resource="@xml/articlesyncadapter" />
179-->src\main\AndroidManifest.xml:156:24-66
180        </service>
181
182        <provider
183            android:name="com.geekorum.ttrss.providers.ArticlesProvider"
184            android:authorities="com.geekorum.ttrss.free.providers.articles"
185            android:exported="false" />
186        <provider
187            android:name="androidx.startup.InitializationProvider"
188            android:authorities="com.geekorum.ttrss.free.androidx-startup"
189            android:exported="false" >
190            <meta-data
191                android:name="com.geekorum.ttrss.background_job.WorkManagerInitializer"
192                android:value="androidx.startup" />
193            <meta-data
194                android:name="com.geekorum.ttrss.background_job.BackgroundJobManagerInitializer"
195                android:value="androidx.startup" />
196            <meta-data
197                android:name="com.geekorum.ttrss.debugtools.StrictModeInitializer"
198                android:value="androidx.startup" />
199            <meta-data
200                android:name="com.geekorum.ttrss.debugtools.KotlinInitializer"
201                android:value="androidx.startup" />
202            <meta-data
203                android:name="com.geekorum.ttrss.settings.SettingsInitializer"
204                android:value="androidx.startup" />
205            <meta-data
206                android:name="com.geekorum.ttrss.logging.TimberInitializer"
207                android:value="androidx.startup" />
208            <meta-data
209                android:name="com.geekorum.ttrss.DefaultNightModeInitializer"
210                android:value="androidx.startup" />
211            <meta-data
211-->[androidx.emoji2:emoji2:1.4.0] AndroidManifest.xml:29:13-31:52
212                android:name="androidx.emoji2.text.EmojiCompatInitializer"
212-->[androidx.emoji2:emoji2:1.4.0] AndroidManifest.xml:30:17-75
213                android:value="androidx.startup" />
213-->[androidx.emoji2:emoji2:1.4.0] AndroidManifest.xml:31:17-49
214            <meta-data
214-->[androidx.lifecycle:lifecycle-process:2.9.4] AndroidManifest.xml:29:13-31:52
215                android:name="androidx.lifecycle.ProcessLifecycleInitializer"
215-->[androidx.lifecycle:lifecycle-process:2.9.4] AndroidManifest.xml:30:17-78
216                android:value="androidx.startup" />
216-->[androidx.lifecycle:lifecycle-process:2.9.4] AndroidManifest.xml:31:17-49
217            <meta-data
217-->[androidx.profileinstaller:profileinstaller:1.4.0] AndroidManifest.xml:29:13-31:52
218                android:name="androidx.profileinstaller.ProfileInstallerInitializer"
218-->[androidx.profileinstaller:profileinstaller:1.4.0] AndroidManifest.xml:30:17-85
219                android:value="androidx.startup" />
219-->[androidx.profileinstaller:profileinstaller:1.4.0] AndroidManifest.xml:31:17-49
220            <meta-data
220-->[com.squareup.okhttp3:okhttp-android:5.1.0] AndroidManifest.xml:16:13-18:52
221                android:name="okhttp3.internal.platform.PlatformInitializer"
221-->[com.squareup.okhttp3:okhttp-android:5.1.0] AndroidManifest.xml:17:17-77
222                android:value="androidx.startup" />
222-->[com.squareup.okhttp3:okhttp-android:5.1.0] AndroidManifest.xml:18:17-49
223        </provider> <!-- Preloaded downloaded fonts -->
224        <meta-data
224-->src\main\AndroidManifest.xml:199:9-201:57
225            android:name="preloaded_fonts"
225-->src\main\AndroidManifest.xml:200:13-43
226            android:resource="@array/preloaded_fonts" />
226-->src\main\AndroidManifest.xml:201:13-54
227
228        <activity
228-->src\main\AndroidManifest.xml:203:9-205:46
229            android:name="com.geekorum.ttrss.manage_feeds.ManageFeedsActivity"
229-->src\main\AndroidManifest.xml:203:19-85
230            android:exported="false"
230-->src\main\AndroidManifest.xml:205:19-43
231            android:theme="@style/AppTheme.ManageFeedsActivity" />
231-->src\main\AndroidManifest.xml:204:19-70
232        <activity
232-->src\main\AndroidManifest.xml:207:9-210:44
233            android:name="com.geekorum.ttrss.manage_feeds.add_feed.SubscribeToFeedActivity"
233-->src\main\AndroidManifest.xml:207:19-98
234            android:exported="false"
234-->src\main\AndroidManifest.xml:210:17-41
235            android:theme="@style/AppTheme.NoActionBar"
235-->src\main\AndroidManifest.xml:208:17-60
236            android:windowSoftInputMode="adjustResize" />
236-->src\main\AndroidManifest.xml:209:17-59
237        <activity
237-->src\main\AndroidManifest.xml:212:9-216:46
238            android:name="com.geekorum.ttrss.manage_feeds.add_feed.AddFeedActivity"
238-->src\main\AndroidManifest.xml:212:19-90
239            android:exported="false"
239-->src\main\AndroidManifest.xml:216:19-43
240            android:label="@string/activity_add_feed_title"
240-->src\main\AndroidManifest.xml:213:19-66
241            android:noHistory="true"
241-->src\main\AndroidManifest.xml:215:19-43
242            android:theme="@style/AppTheme.AddFeedActivity" />
242-->src\main\AndroidManifest.xml:214:19-66
243
244        <service
244-->[androidx.work:work-runtime:2.10.5] AndroidManifest.xml:39:9-45:35
245            android:name="androidx.work.impl.background.systemalarm.SystemAlarmService"
245-->[androidx.work:work-runtime:2.10.5] AndroidManifest.xml:40:13-88
246            android:directBootAware="false"
246-->[androidx.work:work-runtime:2.10.5] AndroidManifest.xml:41:13-44
247            android:enabled="@bool/enable_system_alarm_service_default"
247-->[androidx.work:work-runtime:2.10.5] AndroidManifest.xml:42:13-72
248            android:exported="false" />
248-->[androidx.work:work-runtime:2.10.5] AndroidManifest.xml:43:13-37
249        <service
249-->[androidx.work:work-runtime:2.10.5] AndroidManifest.xml:46:9-52:35
250            android:name="androidx.work.impl.background.systemjob.SystemJobService"
250-->[androidx.work:work-runtime:2.10.5] AndroidManifest.xml:47:13-84
251            android:directBootAware="false"
251-->[androidx.work:work-runtime:2.10.5] AndroidManifest.xml:48:13-44
252            android:enabled="@bool/enable_system_job_service_default"
252-->[androidx.work:work-runtime:2.10.5] AndroidManifest.xml:49:13-70
253            android:exported="true"
253-->[androidx.work:work-runtime:2.10.5] AndroidManifest.xml:50:13-36
254            android:permission="android.permission.BIND_JOB_SERVICE" />
254-->[androidx.work:work-runtime:2.10.5] AndroidManifest.xml:51:13-69
255        <service
255-->[androidx.work:work-runtime:2.10.5] AndroidManifest.xml:53:9-59:35
256            android:name="androidx.work.impl.foreground.SystemForegroundService"
256-->[androidx.work:work-runtime:2.10.5] AndroidManifest.xml:54:13-81
257            android:directBootAware="false"
257-->[androidx.work:work-runtime:2.10.5] AndroidManifest.xml:55:13-44
258            android:enabled="@bool/enable_system_foreground_service_default"
258-->[androidx.work:work-runtime:2.10.5] AndroidManifest.xml:56:13-77
259            android:exported="false" />
259-->[androidx.work:work-runtime:2.10.5] AndroidManifest.xml:57:13-37
260
261        <receiver
261-->[androidx.work:work-runtime:2.10.5] AndroidManifest.xml:61:9-66:35
262            android:name="androidx.work.impl.utils.ForceStopRunnable$BroadcastReceiver"
262-->[androidx.work:work-runtime:2.10.5] AndroidManifest.xml:62:13-88
263            android:directBootAware="false"
263-->[androidx.work:work-runtime:2.10.5] AndroidManifest.xml:63:13-44
264            android:enabled="true"
264-->[androidx.work:work-runtime:2.10.5] AndroidManifest.xml:64:13-35
265            android:exported="false" />
265-->[androidx.work:work-runtime:2.10.5] AndroidManifest.xml:65:13-37
266        <receiver
266-->[androidx.work:work-runtime:2.10.5] AndroidManifest.xml:67:9-77:20
267            android:name="androidx.work.impl.background.systemalarm.ConstraintProxy$BatteryChargingProxy"
267-->[androidx.work:work-runtime:2.10.5] AndroidManifest.xml:68:13-106
268            android:directBootAware="false"
268-->[androidx.work:work-runtime:2.10.5] AndroidManifest.xml:69:13-44
269            android:enabled="false"
269-->[androidx.work:work-runtime:2.10.5] AndroidManifest.xml:70:13-36
270            android:exported="false" >
270-->[androidx.work:work-runtime:2.10.5] AndroidManifest.xml:71:13-37
271            <intent-filter>
271-->[androidx.work:work-runtime:2.10.5] AndroidManifest.xml:73:13-76:29
272                <action android:name="android.intent.action.ACTION_POWER_CONNECTED" />
272-->[androidx.work:work-runtime:2.10.5] AndroidManifest.xml:74:17-87
272-->[androidx.work:work-runtime:2.10.5] AndroidManifest.xml:74:25-84
273                <action android:name="android.intent.action.ACTION_POWER_DISCONNECTED" />
273-->[androidx.work:work-runtime:2.10.5] AndroidManifest.xml:75:17-90
273-->[androidx.work:work-runtime:2.10.5] AndroidManifest.xml:75:25-87
274            </intent-filter>
275        </receiver>
276        <receiver
276-->[androidx.work:work-runtime:2.10.5] AndroidManifest.xml:78:9-88:20
277            android:name="androidx.work.impl.background.systemalarm.ConstraintProxy$BatteryNotLowProxy"
277-->[androidx.work:work-runtime:2.10.5] AndroidManifest.xml:79:13-104
278            android:directBootAware="false"
278-->[androidx.work:work-runtime:2.10.5] AndroidManifest.xml:80:13-44
279            android:enabled="false"
279-->[androidx.work:work-runtime:2.10.5] AndroidManifest.xml:81:13-36
280            android:exported="false" >
280-->[androidx.work:work-runtime:2.10.5] AndroidManifest.xml:82:13-37
281            <intent-filter>
281-->[androidx.work:work-runtime:2.10.5] AndroidManifest.xml:84:13-87:29
282                <action android:name="android.intent.action.BATTERY_OKAY" />
282-->[androidx.work:work-runtime:2.10.5] AndroidManifest.xml:85:17-77
282-->[androidx.work:work-runtime:2.10.5] AndroidManifest.xml:85:25-74
283                <action android:name="android.intent.action.BATTERY_LOW" />
283-->[androidx.work:work-runtime:2.10.5] AndroidManifest.xml:86:17-76
283-->[androidx.work:work-runtime:2.10.5] AndroidManifest.xml:86:25-73
284            </intent-filter>
285        </receiver>
286        <receiver
286-->[androidx.work:work-runtime:2.10.5] AndroidManifest.xml:89:9-99:20
287            android:name="androidx.work.impl.background.systemalarm.ConstraintProxy$StorageNotLowProxy"
287-->[androidx.work:work-runtime:2.10.5] AndroidManifest.xml:90:13-104
288            android:directBootAware="false"
288-->[androidx.work:work-runtime:2.10.5] AndroidManifest.xml:91:13-44
289            android:enabled="false"
289-->[androidx.work:work-runtime:2.10.5] AndroidManifest.xml:92:13-36
290            android:exported="false" >
290-->[androidx.work:work-runtime:2.10.5] AndroidManifest.xml:93:13-37
291            <intent-filter>
291-->[androidx.work:work-runtime:2.10.5] AndroidManifest.xml:95:13-98:29
292                <action android:name="android.intent.action.DEVICE_STORAGE_LOW" />
292-->[androidx.work:work-runtime:2.10.5] AndroidManifest.xml:96:17-83
292-->[androidx.work:work-runtime:2.10.5] AndroidManifest.xml:96:25-80
293                <action android:name="android.intent.action.DEVICE_STORAGE_OK" />
293-->[androidx.work:work-runtime:2.10.5] AndroidManifest.xml:97:17-82
293-->[androidx.work:work-runtime:2.10.5] AndroidManifest.xml:97:25-79
294            </intent-filter>
295        </receiver>
296        <receiver
296-->[androidx.work:work-runtime:2.10.5] AndroidManifest.xml:100:9-109:20
297            android:name="androidx.work.impl.background.systemalarm.ConstraintProxy$NetworkStateProxy"
297-->[androidx.work:work-runtime:2.10.5] AndroidManifest.xml:101:13-103
298            android:directBootAware="false"
298-->[androidx.work:work-runtime:2.10.5] AndroidManifest.xml:102:13-44
299            android:enabled="false"
299-->[androidx.work:work-runtime:2.10.5] AndroidManifest.xml:103:13-36
300            android:exported="false" >
300-->[androidx.work:work-runtime:2.10.5] AndroidManifest.xml:104:13-37
301            <intent-filter>
301-->[androidx.work:work-runtime:2.10.5] AndroidManifest.xml:106:13-108:29
302                <action android:name="android.net.conn.CONNECTIVITY_CHANGE" />
302-->[androidx.work:work-runtime:2.10.5] AndroidManifest.xml:107:17-79
302-->[androidx.work:work-runtime:2.10.5] AndroidManifest.xml:107:25-76
303            </intent-filter>
304        </receiver>
305        <receiver
305-->[androidx.work:work-runtime:2.10.5] AndroidManifest.xml:110:9-121:20
306            android:name="androidx.work.impl.background.systemalarm.RescheduleReceiver"
306-->[androidx.work:work-runtime:2.10.5] AndroidManifest.xml:111:13-88
307            android:directBootAware="false"
307-->[androidx.work:work-runtime:2.10.5] AndroidManifest.xml:112:13-44
308            android:enabled="false"
308-->[androidx.work:work-runtime:2.10.5] AndroidManifest.xml:113:13-36
309            android:exported="false" >
309-->[androidx.work:work-runtime:2.10.5] AndroidManifest.xml:114:13-37
310            <intent-filter>
310-->[androidx.work:work-runtime:2.10.5] AndroidManifest.xml:116:13-120:29
311                <action android:name="android.intent.action.BOOT_COMPLETED" />
311-->[androidx.work:work-runtime:2.10.5] AndroidManifest.xml:117:17-79
311-->[androidx.work:work-runtime:2.10.5] AndroidManifest.xml:117:25-76
312                <action android:name="android.intent.action.TIME_SET" />
312-->[androidx.work:work-runtime:2.10.5] AndroidManifest.xml:118:17-73
312-->[androidx.work:work-runtime:2.10.5] AndroidManifest.xml:118:25-70
313                <action android:name="android.intent.action.TIMEZONE_CHANGED" />
313-->[androidx.work:work-runtime:2.10.5] AndroidManifest.xml:119:17-81
313-->[androidx.work:work-runtime:2.10.5] AndroidManifest.xml:119:25-78
314            </intent-filter>
315        </receiver>
316        <receiver
316-->[androidx.work:work-runtime:2.10.5] AndroidManifest.xml:122:9-131:20
317            android:name="androidx.work.impl.background.systemalarm.ConstraintProxyUpdateReceiver"
317-->[androidx.work:work-runtime:2.10.5] AndroidManifest.xml:123:13-99
318            android:directBootAware="false"
318-->[androidx.work:work-runtime:2.10.5] AndroidManifest.xml:124:13-44
319            android:enabled="@bool/enable_system_alarm_service_default"
319-->[androidx.work:work-runtime:2.10.5] AndroidManifest.xml:125:13-72
320            android:exported="false" >
320-->[androidx.work:work-runtime:2.10.5] AndroidManifest.xml:126:13-37
321            <intent-filter>
321-->[androidx.work:work-runtime:2.10.5] AndroidManifest.xml:128:13-130:29